<?xml version="1.0" encoding="UTF-8"?>
<testsuite name="PrimeCalculatorTest" tests="1" skipped="1" failures="0" errors="0" timestamp="2023-12-31T18:34:27" hostname="DESKTOP-6DGE312" time="0.0">
  <properties/>
  <testcase name="testSecondPrime" classname="PrimeCalculatorTest" time="0.0">
    <skipped/>
  </testcase>
  <system-out><![CDATA[]]></system-out>
  <system-err><![CDATA[]]></system-err>
</testsuite>
